2024-11-29T05:38:39.713971Z  WARN winit::platform_impl::platform::x11::util::randr: /home/luigi/.cargo/registry/src/index.crates.io-6f17d22bba15001f/winit-0.28.7/src/platform_impl/linux/x11/util/randr.rs:23: XRandR reported that the display's 0mm in size, which is certifiably insane    
2024-11-29T05:38:39.714046Z  INFO winit::platform_impl::platform::x11::window: /home/luigi/.cargo/registry/src/index.crates.io-6f17d22bba15001f/winit-0.28.7/src/platform_impl/linux/x11/window.rs:156: Guessed window scale factor: 1    
2024-11-29T05:38:40.979055Z  INFO vulkys::physics::collision: src/physics/collision.rs:89: changed position and velocity of id=0 circle with r=0.25 from p=(0.24949826, -0.32047498)->(0.24888828, -0.31918386), v=(-1.5, 3.1750028)->(1.4624925, 3.0740743)
2024-11-29T05:38:40.979087Z  INFO vulkys::physics::collision: src/physics/collision.rs:98: changed position and velocity of id=1 circle with r=0.25 from p=(-0.24949826, -0.30347475)->(-0.25010824, -0.30218363), v=(1.5, 4.175007)->(-1.4624925, 4.2759356)
2024-11-29T05:38:40.979092Z  INFO vulkys::physics::collision: src/physics/collision.rs:89: changed position and velocity of id=1 circle with r=0.25 from p=(-0.24949826, -0.30347475)->(-0.24901545, -0.3021309), v=(1.5, 4.175007)->(-1.4624925, 4.2759356)
2024-11-29T05:38:40.979095Z  INFO vulkys::physics::collision: src/physics/collision.rs:98: changed position and velocity of id=0 circle with r=0.25 from p=(0.24949826, -0.32047498)->(0.24998108, -0.31913114), v=(-1.5, 3.1750028)->(1.4624925, 3.0740743)
2024-11-29T05:38:41.559699Z  INFO vulkys::physics::collision: src/physics/collision.rs:89: changed position and velocity of id=2 circle with r=0.3 from p=(0.6855508, 0.54296947)->(0.6793415, 0.54789454), v=(-2.2, 1.744998)->(0.57028294, 6.02639)
2024-11-29T05:38:41.559746Z  INFO vulkys::physics::collision: src/physics/collision.rs:98: changed position and velocity of id=0 circle with r=0.25 from p=(0.38891757, 0.08453138)->(0.38270828, 0.089456476), v=(1.4624925, 5.4490833)->(-1.3077905, 1.1676912)
2024-11-29T05:38:41.559788Z  INFO vulkys::physics::collision: src/physics/collision.rs:89: changed position and velocity of id=0 circle with r=0.25 from p=(0.38891757, 0.08453138)->(0.39097196, 0.09218587), v=(1.4624925, 5.4490833)->(-1.3077905, 1.1676912)
2024-11-29T05:38:41.559795Z  INFO vulkys::physics::collision: src/physics/collision.rs:98: changed position and velocity of id=2 circle with r=0.3 from p=(0.6855508, 0.54296947)->(0.6876052, 0.55062395), v=(-2.2, 1.744998)->(0.57028294, 6.02639)
2024-11-29T05:38:41.850189Z  INFO vulkys::physics::collision: src/physics/collision.rs:89: changed position and velocity of id=0 circle with r=0.25 from p=(0.33081383, 0.17177464)->(0.32914165, 0.17473812), v=(-1.3077905, 2.3176916)->(-4.4406085, -1.3149736)
2024-11-29T05:38:41.850217Z  INFO vulkys::physics::collision: src/physics/collision.rs:98: changed position and velocity of id=2 circle with r=0.3 from p=(0.6888991, 0.5869931)->(0.6872269, 0.5899566), v=(-0.45622635, -4.751112)->(2.6765916, -1.1184468)
2024-11-29T05:38:41.850222Z  INFO vulkys::physics::collision: src/physics/collision.rs:89: changed position and velocity of id=2 circle with r=0.3 from p=(0.6888991, 0.5869931)->(0.68857384, 0.58360595), v=(-0.45622635, -4.751112)->(2.6765916, -1.1184468)
2024-11-29T05:38:41.850225Z  INFO vulkys::physics::collision: src/physics/collision.rs:98: changed position and velocity of id=0 circle with r=0.25 from p=(0.33081383, 0.17177464)->(0.33048856, 0.16838752), v=(-1.3077905, 2.3176916)->(-4.4406085, -1.3149736)
2024-11-29T05:38:42.481248Z  INFO vulkys::physics::collision: src/physics/collision.rs:89: changed position and velocity of id=1 circle with r=0.25 from p=(-0.60293996, 0.3089022)->(-0.60436743, 0.30417743), v=(-1.4624925, -4.8407474)->(-5.885839, -3.4968486)
2024-11-29T05:38:42.481278Z  INFO vulkys::physics::collision: src/physics/collision.rs:98: changed position and velocity of id=0 circle with r=0.25 from p=(-0.12689392, 0.16427015)->(-0.12832138, 0.15954539), v=(-4.4406085, 1.2600251)->(-0.017261982, -0.08387375)
2024-11-29T05:38:42.481283Z  INFO vulkys::physics::collision: src/physics/collision.rs:89: changed position and velocity of id=0 circle with r=0.25 from p=(-0.12689392, 0.16427015)->(-0.13164215, 0.16561747), v=(-4.4406085, 1.2600251)->(-0.017261982, -0.08387375)
2024-11-29T05:38:42.481296Z  INFO vulkys::physics::collision: src/physics/collision.rs:98: changed position and velocity of id=1 circle with r=0.25 from p=(-0.60293996, 0.3089022)->(-0.6076882, 0.3102495), v=(-1.4624925, -4.8407474)->(-5.885839, -3.4968486)
2024-11-29T05:38:43.073059Z  INFO vulkys::physics::collision: src/physics/collision.rs:89: changed position and velocity of id=2 circle with r=0.3 from p=(0.28477582, 0.62669194)->(0.28213593, 0.625465), v=(-2.1412733, -0.9952439)->(0.7263963, 1.4406501)
2024-11-29T05:38:43.073094Z  INFO vulkys::physics::collision: src/physics/collision.rs:98: changed position and velocity of id=0 circle with r=0.25 from p=(-0.13329868, 0.27156556)->(-0.13593856, 0.27033857), v=(-0.017261982, 2.316126)->(-2.8849316, -0.119767904)
2024-11-29T05:38:43.073099Z  INFO vulkys::physics::collision: src/physics/collision.rs:89: changed position and velocity of id=0 circle with r=0.25 from p=(-0.13329868, 0.27156556)->(-0.13332038, 0.27447656), v=(-0.017261982, 2.316126)->(-2.8849316, -0.119767904)
2024-11-29T05:38:43.073102Z  INFO vulkys::physics::collision: src/physics/collision.rs:98: changed position and velocity of id=2 circle with r=0.3 from p=(0.28477582, 0.62669194)->(0.28475413, 0.62960297), v=(-2.1412733, -0.9952439)->(0.7263963, 1.4406501)
2024-11-29T05:38:43.462824Z  INFO vulkys::physics::collision: src/physics/collision.rs:89: changed position and velocity of id=0 circle with r=0.25 from p=(-0.32084048, 0.3186916)->(-0.323406, 0.32003018), v=(-2.8849316, 1.5052313)->(-1.1597376, 2.504797)
2024-11-29T05:38:43.462855Z  INFO vulkys::physics::collision: src/physics/collision.rs:98: changed position and velocity of id=1 circle with r=0.25 from p=(-0.752218, 0.06875436)->(-0.7547836, 0.07009295), v=(-0.00000000000038908799, 0.50315577)->(-1.725194, -0.49641007)
2024-11-29T05:38:43.462862Z  INFO vulkys::physics::collision: src/physics/collision.rs:89: changed position and velocity of id=1 circle with r=0.25 from p=(-0.752218, 0.06875436)->(-0.752218, 0.071648106), v=(-0.00000000000038908799, 0.50315577)->(-1.725194, -0.49641007)
2024-11-29T05:38:43.462866Z  INFO vulkys::physics::collision: src/physics/collision.rs:98: changed position and velocity of id=0 circle with r=0.25 from p=(-0.32084048, 0.3186916)->(-0.32084048, 0.32158536), v=(-2.8849316, 1.5052313)->(-1.1597376, 2.504797)
2024-11-29T05:38:43.474539Z  INFO vulkys::physics::collision: src/physics/collision.rs:89: changed position and velocity of id=1 circle with r=0.25 from p=(-0.75256306, 0.07068028)->(-0.75276303, 0.07059943), v=(-1.1041242, -0.44641006)->(0.17475617, 0.31584847)
2024-11-29T05:38:43.474569Z  INFO vulkys::physics::collision: src/physics/collision.rs:98: changed position and velocity of id=0 circle with r=0.25 from p=(-0.32315993, 0.32661995)->(-0.3233599, 0.3265391), v=(-1.1597376, 2.5547972)->(-2.438618, 1.7925386)
2024-11-29T05:38:43.474574Z  INFO vulkys::physics::collision: src/physics/collision.rs:89: changed position and velocity of id=0 circle with r=0.25 from p=(-0.32315993, 0.32661995)->(-0.3232491, 0.32681638), v=(-1.1597376, 2.5547972)->(-2.438618, 1.7925386)
2024-11-29T05:38:43.474577Z  INFO vulkys::physics::collision: src/physics/collision.rs:98: changed position and velocity of id=1 circle with r=0.25 from p=(-0.75256306, 0.07068028)->(-0.7526522, 0.0708767), v=(-1.1041242, -0.44641006)->(0.17475617, 0.31584847)
2024-11-29T05:38:43.480743Z  INFO vulkys::physics::collision: src/physics/collision.rs:89: changed position and velocity of id=1 circle with r=0.25 from p=(-0.75247747, 0.07119255)->(-0.7536841, 0.07413437), v=(-0.13980494, 0.34084848)->(-1.1723388, -0.2819198)
2024-11-29T05:38:43.480770Z  INFO vulkys::physics::collision: src/physics/collision.rs:98: changed position and velocity of id=0 circle with r=0.25 from p=(-0.3256877, 0.32860893)->(-0.32689434, 0.33155075), v=(-2.438618, 1.8175386)->(-1.4060841, 2.440307)
2024-11-29T05:38:43.480786Z  INFO vulkys::physics::collision: src/physics/collision.rs:89: changed position and velocity of id=0 circle with r=0.25 from p=(-0.3256877, 0.32860893)->(-0.32823718, 0.33050907), v=(-2.438618, 1.8175386)->(-1.4060841, 2.440307)
2024-11-29T05:38:43.480790Z  INFO vulkys::physics::collision: src/physics/collision.rs:98: changed position and velocity of id=1 circle with r=0.25 from p=(-0.75247747, 0.07119255)->(-0.75502694, 0.0730927), v=(-0.13980494, 0.34084848)->(-1.1723388, -0.2819198)
2024-11-29T05:38:43.486475Z  INFO vulkys::physics::collision: src/physics/collision.rs:89: changed position and velocity of id=1 circle with r=0.25 from p=(-0.7561993, 0.07281078)->(-0.7554702, 0.07261105), v=(0.9378711, -0.2569198)->(0.4394601, -0.5608797)
2024-11-29T05:38:43.486495Z  INFO vulkys::physics::collision: src/physics/collision.rs:98: changed position and velocity of id=0 circle with r=0.25 from p=(-0.32964325, 0.33294937)->(-0.32891414, 0.33274963), v=(-1.4060841, 2.465307)->(-0.90767306, 2.7692668)
2024-11-29T05:38:43.486501Z  INFO vulkys::physics::collision: src/physics/collision.rs:89: changed position and velocity of id=0 circle with r=0.25 from p=(-0.32964325, 0.33294937)->(-0.33001778, 0.33360603), v=(-1.4060841, 2.465307)->(-0.90767306, 2.7692668)
2024-11-29T05:38:43.486505Z  INFO vulkys::physics::collision: src/physics/collision.rs:98: changed position and velocity of id=1 circle with r=0.25 from p=(-0.7561993, 0.07281078)->(-0.75657386, 0.07346744), v=(0.9378711, -0.2569198)->(0.4394601, -0.5608797)
2024-11-29T05:38:44.329613Z  INFO vulkys::physics::collision: src/physics/collision.rs:89: changed position and velocity of id=1 circle with r=0.25 from p=(-0.7563296, 0.22668779)->(-0.7563296, 0.23077887), v=(0.000000000000029050825, 2.8391223)->(-3.3723052, -1.5618672)
2024-11-29T05:38:44.329647Z  INFO vulkys::physics::collision: src/physics/collision.rs:98: changed position and velocity of id=0 circle with r=0.25 from p=(-0.45345947, 0.6219451)->(-0.45345947, 0.62603617), v=(-0.90767306, -3.450418)->(2.464632, 0.95057154)
2024-11-29T05:38:44.329651Z  INFO vulkys::physics::collision: src/physics/collision.rs:89: changed position and velocity of id=0 circle with r=0.25 from p=(-0.45345947, 0.6219451)->(-0.45450026, 0.6179886), v=(-0.90767306, -3.450418)->(2.464632, 0.95057154)
2024-11-29T05:38:44.329655Z  INFO vulkys::physics::collision: src/physics/collision.rs:98: changed position and velocity of id=1 circle with r=0.25 from p=(-0.7563296, 0.22668779)->(-0.7573704, 0.2227313), v=(0.000000000000029050825, 2.8391223)->(-3.3723052, -1.5618672)
2024-11-29T05:38:45.526345Z  INFO vulkys::physics::collision: src/physics/collision.rs:89: changed position and velocity of id=2 circle with r=0.3 from p=(0.57023, 0.67134106)->(0.57168245, 0.67242277), v=(0.7263963, 0.540986)->(2.4677124, 0.5613673)
2024-11-29T05:38:45.526375Z  INFO vulkys::physics::collision: src/physics/collision.rs:98: changed position and velocity of id=0 circle with r=0.25 from p=(0.021173134, 0.6649146)->(0.022625607, 0.6659963), v=(2.464632, 0.82454044)->(0.7233161, 0.80415916)
2024-11-29T05:38:45.526380Z  INFO vulkys::physics::collision: src/physics/collision.rs:89: changed position and velocity of id=0 circle with r=0.25 from p=(0.021173134, 0.6649146)->(0.022890598, 0.6654892), v=(2.464632, 0.82454044)->(0.7233161, 0.80415916)
2024-11-29T05:38:45.526383Z  INFO vulkys::physics::collision: src/physics/collision.rs:98: changed position and velocity of id=2 circle with r=0.3 from p=(0.57023, 0.67134106)->(0.57194746, 0.67191565), v=(0.7263963, 0.540986)->(2.4677124, 0.5613673)
2024-11-29T05:38:46.057216Z  INFO vulkys::physics::collision: src/physics/collision.rs:89: changed position and velocity of id=0 circle with r=0.25 from p=(0.08509586, 0.70720726)->(0.08698411, 0.70444447), v=(0.7233161, -1.0583278)->(-2.0402846, -0.90778315)
2024-11-29T05:38:46.057269Z  INFO vulkys::physics::collision: src/physics/collision.rs:98: changed position and velocity of id=2 circle with r=0.3 from p=(0.6326109, 0.6773819)->(0.6344992, 0.6746191), v=(-1.97417, 0.30590636)->(0.7894306, 0.1553617)
2024-11-29T05:38:46.057288Z  INFO vulkys::physics::collision: src/physics/collision.rs:89: changed position and velocity of id=2 circle with r=0.3 from p=(0.6326109, 0.6773819)->(0.62930393, 0.6778943), v=(-1.97417, 0.30590636)->(0.7894306, 0.1553617)
2024-11-29T05:38:46.057291Z  INFO vulkys::physics::collision: src/physics/collision.rs:98: changed position and velocity of id=0 circle with r=0.25 from p=(0.08509586, 0.70720726)->(0.08178888, 0.7077197), v=(0.7233161, -1.0583278)->(-2.0402846, -0.90778315)
